{
  "stats": {
    "suites": 1,
    "tests": 1,
    "passes": 1,
    "pending": 0,
    "failures": 0,
    "start": "2023-01-25T13:01:36.166Z",
    "end": "2023-01-25T13:01:59.901Z",
    "duration": 23735,
    "testsRegistered": 1,
    "passPercent": 100,
    "pendingPercent": 0,
    "other": 0,
    "hasOther": false,
    "skipped": 0,
    "hasSkipped": false
  },
  "results": [
    {
      "uuid": "274469a8-1944-43c3-92ef-a50b2b575e23",
      "title": "",
      "fullFile": "cypress/e2e/1-raqn-demo/loginAskteamcleanProd.js",
      "file": "cypress/e2e/1-raqn-demo/loginAskteamcleanProd.js",
      "beforeHooks": [],
      "afterHooks": [],
      "tests": [],
      "suites": [
        {
          "uuid": "48de196f-e8aa-4d0e-807a-79b987a41a13",
          "title": "Open Login page and close cookies",
          "fullFile": "",
          "file": "",
          "beforeHooks": [],
          "afterHooks": [],
          "tests": [
            {
              "title": "Login into the application",
              "fullTitle": "Open Login page and close cookies Login into the application",
              "timedOut": null,
              "duration": 22173,
              "state": "passed",
              "speed": "slow",
              "pass": true,
              "fail": false,
              "pending": false,
              "context": null,
              "code": "cy.visit(ASK_PAGE_URL);\ncy.get('#onetrust-accept-btn-handler').click();\ncy.wait(7000);\ncy.url().should('contain', '/profile/login.html'); // Assert for correct URL link\ncy.get('#gigya-textbox-115860621083771000').type(EMAIL); // Type Email on textbox\ncy.get('#gigya-password-98020708136770500') // Type Password on textbox\n.type(PASSWORD);\ncy.get('#gigya-login-form > :nth-child(2) > .gigya-composite-control-submit > .gigya-input-submit').click(); // Click on login submit button\ncy.url().should('contain', '/my-profile.html'); // Assert for correct URL link\ncy.wait(6000);\ncy.get('.login__circle > span').invoke('show'); // Show hidden element with invoke\ncy.contains('Logout').click({\n  force: true\n}); // Click hidden element\ncy.url().should('include', 'login.html'); // Verify URL after logged out",
              "err": {},
              "uuid": "a3a3f485-0e6e-40de-9c7d-02f0b0741ada",
              "parentUUID": "48de196f-e8aa-4d0e-807a-79b987a41a13",
              "isHook": false,
              "skipped": false
            }
          ],
          "suites": [],
          "passes": [
            "a3a3f485-0e6e-40de-9c7d-02f0b0741ada"
          ],
          "failures": [],
          "pending": [],
          "skipped": [],
          "duration": 22173,
          "root": false,
          "rootEmpty": false,
          "_timeout": 2000
        }
      ],
      "passes": [],
      "failures": [],
      "pending": [],
      "skipped": [],
      "duration": 0,
      "root": true,
      "rootEmpty": true,
      "_timeout": 2000
    }
  ],
  "meta": {
    "mocha": {
      "version": "7.0.1"
    },
    "mochawesome": {
      "options": {
        "quiet": false,
        "reportFilename": "mochawesome",
        "saveHtml": false,
        "saveJson": true,
        "consoleReporter": "spec",
        "useInlineDiffs": false,
        "code": true
      },
      "version": "7.1.3"
    },
    "marge": {
      "options": {
        "overwrite": false,
        "html": false,
        "json": true,
        "reportDir": "cypress/reports/html/.jsons"
      },
      "version": "6.2.0"
    }
  }
}