{
  "stats": {
    "suites": 1,
    "tests": 1,
    "passes": 1,
    "pending": 0,
    "failures": 0,
    "start": "2023-01-25T13:00:29.848Z",
    "end": "2023-01-25T13:00:51.666Z",
    "duration": 21818,
    "testsRegistered": 1,
    "passPercent": 100,
    "pendingPercent": 0,
    "other": 0,
    "hasOther": false,
    "skipped": 0,
    "hasSkipped": false
  },
  "results": [
    {
      "uuid": "0267d82c-b6d5-4a8f-9bc0-d8058082c142",
      "title": "",
      "fullFile": "cypress/e2e/1-raqn-demo/addIteminCartSkpRef.js",
      "file": "cypress/e2e/1-raqn-demo/addIteminCartSkpRef.js",
      "beforeHooks": [],
      "afterHooks": [],
      "tests": [],
      "suites": [
        {
          "uuid": "1465f497-fd0b-4a5e-9fc3-840c6de13570",
          "title": "Open Login page and close cookies",
          "fullFile": "",
          "file": "",
          "beforeHooks": [],
          "afterHooks": [],
          "tests": [
            {
              "title": "Login into the application",
              "fullTitle": "Open Login page and close cookies Login into the application",
              "timedOut": null,
              "duration": 21737,
              "state": "passed",
              "speed": "slow",
              "pass": true,
              "fail": false,
              "pending": false,
              "context": null,
              "code": "cy.visit(SKP_PAGE_URL);\ncy.get('#onetrust-accept-btn-handler').click();\ncy.contains('CONNEXION').click({\n  force: true\n}); // Click the hidden button under login icon\ncy.url().should('contain', '/bienvenue/login.html'); // Assert for correct URL link\ncy.get('#gigya-textbox-78686915856172460') // Type Email on textbox\n.type(EMAIL);\ncy.get('#gigya-password-15255886841441036') // Type Password on textbox\n.type(PASSWORD);\ncy.get('#gigya-login-form > :nth-child(6) > .gigya-composite-control-submit > .gigya-input-submit').click(); // Click on login submit button\ncy.wait(12000);\ncy.url().should('contain', '/fr/fr.html'); // Assert for correct URL link\n// cy.get('#btn__calltoaction-39502e7133').invoke('show'); // Show hidden element with invoke\n// cy.contains('SE DÉCONNECTER').click({force:true});     //click hidden element",
              "err": {},
              "uuid": "8f3e6939-2401-4bfb-85f9-ceafaab972dd",
              "parentUUID": "1465f497-fd0b-4a5e-9fc3-840c6de13570",
              "isHook": false,
              "skipped": false
            }
          ],
          "suites": [],
          "passes": [
            "8f3e6939-2401-4bfb-85f9-ceafaab972dd"
          ],
          "failures": [],
          "pending": [],
          "skipped": [],
          "duration": 21737,
          "root": false,
          "rootEmpty": false,
          "_timeout": 2000
        }
      ],
      "passes": [],
      "failures": [],
      "pending": [],
      "skipped": [],
      "duration": 0,
      "root": true,
      "rootEmpty": true,
      "_timeout": 2000
    }
  ],
  "meta": {
    "mocha": {
      "version": "7.0.1"
    },
    "mochawesome": {
      "options": {
        "quiet": false,
        "reportFilename": "mochawesome",
        "saveHtml": false,
        "saveJson": true,
        "consoleReporter": "spec",
        "useInlineDiffs": false,
        "code": true
      },
      "version": "7.1.3"
    },
    "marge": {
      "options": {
        "overwrite": false,
        "html": false,
        "json": true,
        "reportDir": "cypress/reports/html/.jsons"
      },
      "version": "6.2.0"
    }
  }
}