{
  "stats": {
    "suites": 1,
    "tests": 1,
    "passes": 1,
    "pending": 0,
    "failures": 0,
    "start": "2023-01-25T13:00:59.800Z",
    "end": "2023-01-25T13:01:26.789Z",
    "duration": 26989,
    "testsRegistered": 1,
    "passPercent": 100,
    "pendingPercent": 0,
    "other": 0,
    "hasOther": false,
    "skipped": 0,
    "hasSkipped": false
  },
  "results": [
    {
      "uuid": "2efeb443-e745-4e69-87a1-6203c19f3592",
      "title": "",
      "fullFile": "cypress/e2e/1-raqn-demo/emailVerification.js",
      "file": "cypress/e2e/1-raqn-demo/emailVerification.js",
      "beforeHooks": [],
      "afterHooks": [],
      "tests": [],
      "suites": [
        {
          "uuid": "507e448c-f3ee-4a2d-8a9a-f68b9348d5f0",
          "title": "Register new account and verify email ",
          "fullFile": "",
          "file": "",
          "beforeHooks": [],
          "afterHooks": [],
          "tests": [
            {
              "title": "Registers new email and gets verification link",
              "fullTitle": "Register new account and verify email  Registers new email and gets verification link",
              "timedOut": null,
              "duration": 26971,
              "state": "passed",
              "speed": "slow",
              "pass": true,
              "fail": false,
              "pending": false,
              "context": null,
              "code": "cy.visit('https://eacademy-schwarzkopf-professional-com.ref.web.raqn.io/fr/fr/bienvenue/enregistrer.html/please-log-me-in');\ncy.get('#onetrust-accept-btn-handler').click();\ncy.wait(5000);\ncy.xpath('.//input[@value=\"OUI\"]').click();\ncy.get('#gigya-loginID-86616308672852050').type(emailAddress);\ncy.get('#gigya-password-150360966288504350').type('Test123!!!');\ncy.get('#gigya-password-54377226270436850').type('Test123!!!');\ncy.get('#gigya-dropdown-149290914991369570').select('mr');\ncy.get('#gigya-textbox-133868265315288100').type('Bobby');\ncy.get('#gigya-textbox-152063407649178050').type('Saputra');\ncy.get('#gigya-textbox-birthday').type('1980-10-05');\ncy.get('#gigya-dropdown-73235996620585280').select('salon_owner');\ncy.get('#gigya-textbox-85817158302988940').type('test');\ncy.get('#gigya-textbox-74320110375414270').type('1444669');\ncy.get('#gigya-textbox-106449949100133150').type('42 rue Michel Ange');\ncy.get('#gigya-textbox-54937185545266024').type('Le Havre');\ncy.get('#gigya-textbox-65405752754136910').type('76610');\ncy.get('#gigya-checkbox-151487198184346560').check();\ncy.get('#gigya-checkbox-43250903962922090').check();\ncy.get('#gigya-checkbox-1791737162387700').check();\ncy.get('#gigya-checkbox-118137378675131230').check();\ncy.get('#gigya-register-form > :nth-child(28) > .gigya-composite-control-submit > .gigya-input-submit').click();\ncy.url().should('include', 'enregistrer.html');\nconst EMAIL = 'bobby.saputra@henkel.com';\nconst PASSWORD = 'HerM4W4n123!!!';\nlet confirmationLink;\ncy.visit('https://mailosaur.com/app/servers/ziyvoiyo');\ncy.get('#email').type(EMAIL);\ncy.get('[data-testid=\"btn\"]').click();\ncy.get('#password').type(PASSWORD);\ncy.get('.css-16l1998').click();\ncy.mailosaurGetMessage(serverId, {\n  sentTo: emailAddress\n}).then(emailAddress => {\n  cy.log(emailAddress.subject);\n  cy.wait(5000);\n  confirmationLink = emailAddress.html.links[0].href;\n  cy.visit(confirmationLink);\n  cy.contains('Votre email est vérifié!');\n  // cy.xpath(\".//a[contains(@href,'registration.schwarzkopfpro.com') and @class='link c-white']\")\n  // .invoke(\"removeAttr\", \"target\").click() // will open the contact page in a new tab\n  // cy.get(confirmationLink).click()\n  // cy.get('.btn-19 > a.link').contains('VÉRIFIER VOTRE COMPTE')\n  // cy.get('.heading4').contains('Votre email est vérifié!')\n});",
              "err": {},
              "uuid": "4069627e-31e3-4239-a7bb-ab14e17d5ca5",
              "parentUUID": "507e448c-f3ee-4a2d-8a9a-f68b9348d5f0",
              "isHook": false,
              "skipped": false
            }
          ],
          "suites": [],
          "passes": [
            "4069627e-31e3-4239-a7bb-ab14e17d5ca5"
          ],
          "failures": [],
          "pending": [],
          "skipped": [],
          "duration": 26971,
          "root": false,
          "rootEmpty": false,
          "_timeout": 2000
        }
      ],
      "passes": [],
      "failures": [],
      "pending": [],
      "skipped": [],
      "duration": 0,
      "root": true,
      "rootEmpty": true,
      "_timeout": 2000
    }
  ],
  "meta": {
    "mocha": {
      "version": "7.0.1"
    },
    "mochawesome": {
      "options": {
        "quiet": false,
        "reportFilename": "mochawesome",
        "saveHtml": false,
        "saveJson": true,
        "consoleReporter": "spec",
        "useInlineDiffs": false,
        "code": true
      },
      "version": "7.1.3"
    },
    "marge": {
      "options": {
        "overwrite": false,
        "html": false,
        "json": true,
        "reportDir": "cypress/reports/html/.jsons"
      },
      "version": "6.2.0"
    }
  }
}